<?xml version="1.0" encoding="UTF-8"?>
<testng-results total="2" passed="1" failed="1" skipped="0">
  <reporter-output>
  </reporter-output>
  <suite started-at="2024-04-28T21:42:12Z" name="Suite" finished-at="2024-04-28T21:42:26Z" duration-ms="14642">
    <groups>
    </groups>
    <test started-at="2024-04-28T21:42:12Z" name="Test" finished-at="2024-04-28T21:42:26Z" duration-ms="14642">
      <class name="testCase.ExecuteTestZaleniumFirefox2">
        <test-method signature="test1()[pri:0, instance:testCase.ExecuteTestZaleniumFirefox2@10db82ae]" started-at="2024-04-28T22:42:12Z" name="test1" finished-at="2024-04-28T22:42:26Z" duration-ms="14607" status="FAIL">
          <exception class="org.openqa.selenium.WebDriverException">
            <message>
              <![CDATA[
Build info: version: '3.14.0', revision: 'aacccce0', time: '2018-08-02T20:19:58.91Z'
System info: host: 'DESKTOP-V6FT0NM', ip: '192.168.116.161', os.name: 'Windows 10', os.arch: 'amd64', os.version: '10.0', java.version: '17.0.9'
Driver info: org.openqa.selenium.remote.RemoteWebDriver
Capabilities {acceptInsecureCerts: false, browserName: firefox, browserVersion: 88.0.1, javascriptEnabled: true, moz:accessibilityChecks: false, moz:buildID: 20210504152106, moz:geckodriverVersion: 0.29.1, moz:headless: false, moz:processID: 453, moz:profile: /tmp/rust_mozprofileOVJB53, moz:shutdownTimeout: 60000, moz:useNonSpecCompliantPointerOrigin: false, moz:webdriverClick: true, pageLoadStrategy: normal, platform: LINUX, platformName: LINUX, platformVersion: 5.15.146.1-microsoft-standa..., rotatable: false, setWindowRect: true, strictFileInteractability: false, timeouts: {implicit: 0, pageLoad: 300000, script: 30000}, unhandledPromptBehavior: dismiss and notify, webdriver.remote.sessionid: 7374b3a6-5605-49af-8de7-135...}
Session ID: 7374b3a6-5605-49af-8de7-135007aee63f]]>
            </message>
            <full-stacktrace>
              <![CDATA[org.openqa.selenium.WebDriverException: 
Build info: version: '3.14.0', revision: 'aacccce0', time: '2018-08-02T20:19:58.91Z'
System info: host: 'DESKTOP-V6FT0NM', ip: '192.168.116.161', os.name: 'Windows 10', os.arch: 'amd64', os.version: '10.0', java.version: '17.0.9'
Driver info: org.openqa.selenium.remote.RemoteWebDriver
Capabilities {acceptInsecureCerts: false, browserName: firefox, browserVersion: 88.0.1, javascriptEnabled: true, moz:accessibilityChecks: false, moz:buildID: 20210504152106, moz:geckodriverVersion: 0.29.1, moz:headless: false, moz:processID: 453, moz:profile: /tmp/rust_mozprofileOVJB53, moz:shutdownTimeout: 60000, moz:useNonSpecCompliantPointerOrigin: false, moz:webdriverClick: true, pageLoadStrategy: normal, platform: LINUX, platformName: LINUX, platformVersion: 5.15.146.1-microsoft-standa..., rotatable: false, setWindowRect: true, strictFileInteractability: false, timeouts: {implicit: 0, pageLoad: 300000, script: 30000}, unhandledPromptBehavior: dismiss and notify, webdriver.remote.sessionid: 7374b3a6-5605-49af-8de7-135...}
Session ID: 7374b3a6-5605-49af-8de7-135007aee63f
	at java.base/jdk.internal.reflect.NativeConstructorAccessorImpl.newInstance0(Native Method)
	at java.base/jdk.internal.reflect.NativeConstructorAccessorImpl.newInstance(NativeConstructorAccessorImpl.java:77)
	at java.base/jdk.internal.reflect.DelegatingConstructorAccessorImpl.newInstance(DelegatingConstructorAccessorImpl.java:45)
	at java.base/java.lang.reflect.Constructor.newInstanceWithCaller(Constructor.java:499)
	at java.base/java.lang.reflect.Constructor.newInstance(Constructor.java:480)
	at org.openqa.selenium.remote.http.W3CHttpResponseCodec.createException(W3CHttpResponseCodec.java:187)
	at org.openqa.selenium.remote.http.W3CHttpResponseCodec.decode(W3CHttpResponseCodec.java:122)
	at org.openqa.selenium.remote.http.W3CHttpResponseCodec.decode(W3CHttpResponseCodec.java:49)
	at org.openqa.selenium.remote.HttpCommandExecutor.execute(HttpCommandExecutor.java:158)
	at org.openqa.selenium.remote.RemoteWebDriver.execute(RemoteWebDriver.java:548)
	at org.openqa.selenium.remote.RemoteWebDriver.get(RemoteWebDriver.java:276)
	at testCase.ExecuteTestZaleniumFirefox2.test1(ExecuteTestZaleniumFirefox2.java:20)
	at java.base/jdk.internal.reflect.NativeMethodAccessorImpl.invoke0(Native Method)
	at java.base/jdk.internal.reflect.NativeMethodAccessorImpl.invoke(NativeMethodAccessorImpl.java:77)
	at java.base/jdk.internal.reflect.DelegatingMethodAccessorImpl.invoke(DelegatingMethodAccessorImpl.java:43)
	at java.base/java.lang.reflect.Method.invoke(Method.java:568)
	at org.testng.internal.MethodInvocationHelper.invokeMethod(MethodInvocationHelper.java:84)
	at org.testng.internal.Invoker.invokeMethod(Invoker.java:714)
	at org.testng.internal.Invoker.invokeTestMethod(Invoker.java:901)
	at org.testng.internal.Invoker.invokeTestMethods(Invoker.java:1231)
	at org.testng.internal.TestMethodWorker.invokeTestMethods(TestMethodWorker.java:127)
	at org.testng.internal.TestMethodWorker.run(TestMethodWorker.java:111)
	at java.base/java.util.concurrent.ThreadPoolExecutor.runWorker(ThreadPoolExecutor.java:1136)
	at java.base/java.util.concurrent.ThreadPoolExecutor$Worker.run(ThreadPoolExecutor.java:635)
	at java.base/java.lang.Thread.run(Thread.java:842)
]]>
            </full-stacktrace>
          </exception> <!-- org.openqa.selenium.WebDriverException -->
          <reporter-output>
          </reporter-output>
        </test-method> <!-- test1 -->
      </class> <!-- testCase.ExecuteTestZaleniumFirefox2 -->
      <class name="testCase.ExecuteTestZaleniumFirefox">
        <test-method signature="test1()[pri:0, instance:testCase.ExecuteTestZaleniumFirefox@6e75aa0d]" started-at="2024-04-28T22:42:12Z" name="test1" finished-at="2024-04-28T22:42:18Z" duration-ms="6506" status="PASS">
          <reporter-output>
          </reporter-output>
        </test-method> <!-- test1 -->
      </class> <!-- testCase.ExecuteTestZaleniumFirefox -->
    </test> <!-- Test -->
  </suite> <!-- Suite -->
</testng-results>
